<?xml version="1.0" encoding="UTF-8"?>
<!-- Generated by org.testng.reporters.JUnitReportReporter -->
<testsuite skipped="0" hostname="DELL" name="runners.blazeapprunner" tests="5" failures="0" timestamp="2023-03-17T13:55:12 IST" time="46.318" errors="0">
  <testcase name="runScenario" time="7.678" classname="runners.blazeapprunner"/>
  <system-out/>
  <testcase name="runScenario" time="4.900" classname="runners.blazeapprunner"/>
  <system-out/>
  <testcase name="runScenario" time="6.025" classname="runners.blazeapprunner"/>
  <system-out/>
  <testcase name="runScenario" time="16.199" classname="runners.blazeapprunner"/>
  <system-out/>
  <testcase name="runScenario" time="11.516" classname="runners.blazeapprunner"/>
  <system-out/>
</testsuite> <!-- runners.blazeapprunner -->
